#
# There is insufficient memory for the Java Runtime Environment to continue.
# Native memory allocation (malloc) failed to allocate 1030736 bytes for Chunk::new
# Possible reasons:
#   The system is out of physical RAM or swap space
#   In 32 bit mode, the process size limit was hit
# Possible solutions:
#   Reduce memory load on the system
#   Increase physical memory or swap space
#   Check if swap backing store is full
#   Use 64 bit Java on a 64 bit OS
#   Decrease Java heap size (-Xmx/-Xms)
#   Decrease number of Java threads
#   Decrease Java thread stack sizes (-Xss)
#   Set larger code cache with -XX:ReservedCodeCacheSize=
# This output file may be truncated or incomplete.
#
#  Out of Memory Error (allocation.cpp:390), pid=8300, tid=0x00000000000015f0
#
# JRE version: OpenJDK Runtime Environment (8.0) (build 1.8.0-adoptopenjdk-_2018_05_19_00_59-b00)
# Java VM: OpenJDK 64-Bit Server VM (25.71-b00 mixed mode windows-amd64 compressed oops)
# Failed to write core dump. Minidumps are not enabled by default on client versions of Windows
#

---------------  T H R E A D  ---------------

Current thread (0x000000001c667000):  JavaThread "C2 CompilerThread0" daemon [_thread_in_native, id=5616, stack(0x000000001e2e0000,0x000000001e3e0000)]

Stack: [0x000000001e2e0000,0x000000001e3e0000]
[error occurred during error reporting (printing stack bounds), id 0xc0000005]

Native frames: (J=compiled Java code, j=interpreted, Vv=VM code, C=native code)


Current CompileTask:
C2:   3325 2513 %     4       com.sun.org.apache.xerces.internal.impl.xpath.regex.RegularExpression::match @ 38 (1844 bytes)


---------------  P R O C E S S  ---------------

Java Threads: ( => current thread )
  0x000000001f39e800 JavaThread "Keep-Alive-Timer" daemon [_thread_blocked, id=3636, stack(0x0000000020ef0000,0x0000000020ff0000)]
  0x000000001c67e000 JavaThread "Service Thread" daemon [_thread_blocked, id=9424, stack(0x000000001e9e0000,0x000000001eae0000)]
  0x000000001c670000 JavaThread "C1 CompilerThread2" daemon [_thread_in_vm, id=14404, stack(0x000000001e4e0000,0x000000001e5e0000)]
  0x000000001c669800 JavaThread "C2 CompilerThread1" daemon [_thread_in_native, id=17100, stack(0x000000001e3e0000,0x000000001e4e0000)]
=>0x000000001c667000 JavaThread "C2 CompilerThread0" daemon [_thread_in_native, id=5616, stack(0x000000001e2e0000,0x000000001e3e0000)]
  0x000000001c664000 JavaThread "Attach Listener" daemon [_thread_blocked, id=14308, stack(0x000000001e1e0000,0x000000001e2e0000)]
  0x000000001c661800 JavaThread "Signal Dispatcher" daemon [_thread_blocked, id=11128, stack(0x000000001e0e0000,0x000000001e1e0000)]
  0x000000001c64f800 JavaThread "Finalizer" daemon [_thread_blocked, id=7400, stack(0x000000001dee0000,0x000000001dfe0000)]
  0x0000000002e08800 JavaThread "Reference Handler" daemon [_thread_blocked, id=9052, stack(0x000000001dde0000,0x000000001dee0000)]
  0x0000000002d13800 JavaThread "main" [_thread_in_Java, id=15772, stack(0x0000000002c10000,0x0000000002d10000)]

Other Threads:
  0x000000001c625800 VMThread [stack: 0x000000001dce0000,0x000000001dde0000] [id=15368]
  0x000000001e659800 WatcherThread [stack: 0x000000001eae0000,0x000000001ebe0000] [id=12708]

VM state:not at safepoint (normal execution)

VM Mutex/Monitor currently owned by a thread:  ([mutex/lock_event])
[0x0000000002d12ae0] MethodData_lock - owner thread: 0x000000001c670000

Heap:
 PSYoungGen      total 76288K, used 52503K [0x000000076b180000, 0x0000000774680000, 0x00000007c0000000)
  eden space 65536K, 68% used [0x000000076b180000,0x000000076dd28ad0,0x000000076f180000)
  from space 10752K, 72% used [0x000000076f180000,0x000000076f91d130,0x000000076fc00000)
  to   space 10752K, 0% used [0x0000000773c00000,0x0000000773c00000,0x0000000774680000)
 ParOldGen       total 175104K, used 32K [0x00000006c1400000, 0x00000006cbf00000, 0x000000076b180000)
  object space 175104K, 0% used [0x00000006c1400000,0x00000006c1408000,0x00000006cbf00000)
 Metaspace       used 17596K, capacity 18084K, committed 18304K, reserved 1064960K
  class space    used 2007K, capacity 2146K, committed 2176K, reserved 1048576K

Card table byte_map: [0x00000000121d0000,0x00000000129d0000] byte_map_base: 0x000000000ebc6000

Marking Bits: (ParMarkBitMap*) 0x000000005275be50
 Begin Bits: [0x0000000013520000, 0x00000000174d0000)
 End Bits:   [0x00000000174d0000, 0x000000001b480000)

Polling page: 0x00000000012e0000

CodeCache: size=245760Kb used=9266Kb max_used=9266Kb free=236493Kb
 bounds [0x0000000002e10000, 0x0000000003730000, 0x0000000011e10000]
 total_blobs=3124 nmethods=2704 adapters=333
 compilation: enabled

Compilation events (10 events):
Event: 3.323 Thread 0x000000001c670000 nmethod 2707 0x000000000371a010 code [0x000000000371a220, 0x000000000371ae98]
Event: 3.323 Thread 0x000000001c670000 2711       3       sun.nio.cs.SingleByte$Encoder::encodeLoop (28 bytes)
Event: 3.323 Thread 0x000000001c670000 nmethod 2711 0x000000000371b3d0 code [0x000000000371b560, 0x000000000371ba98]
Event: 3.323 Thread 0x000000001c670000 2712   !   3       sun.nio.cs.StreamEncoder::flushBuffer (42 bytes)
Event: 3.324 Thread 0x000000001c670000 nmethod 2712 0x000000000371bc10 code [0x000000000371bdc0, 0x000000000371c358]
Event: 3.324 Thread 0x000000001c670000 2716       3       java.util.Formatter::checkText (58 bytes)
Event: 3.324 Thread 0x000000001c670000 nmethod 2716 0x000000000371c610 code [0x000000000371c800, 0x000000000371d128]
Event: 3.324 Thread 0x000000001c670000 2713   !   3       java.io.PrintStream::write (69 bytes)
Event: 3.324 Thread 0x000000001c670000 nmethod 2713 0x000000000371d610 code [0x000000000371d7e0, 0x000000000371df58]
Event: 3.324 Thread 0x000000001c670000 2705   !   3       java.nio.charset.CharsetEncoder::encode (285 bytes)

GC Heap History (2 events):
Event: 2.626 GC heap before
{Heap before GC invocations=1 (full 0):
 PSYoungGen      total 76288K, used 65536K [0x000000076b180000, 0x0000000770680000, 0x00000007c0000000)
  eden space 65536K, 100% used [0x000000076b180000,0x000000076f180000,0x000000076f180000)
  from space 10752K, 0% used [0x000000076fc00000,0x000000076fc00000,0x0000000770680000)
  to   space 10752K, 0% used [0x000000076f180000,0x000000076f180000,0x000000076fc00000)
 ParOldGen       total 175104K, used 0K [0x00000006c1400000, 0x00000006cbf00000, 0x000000076b180000)
  object space 175104K, 0% used [0x00000006c1400000,0x00000006c1400000,0x00000006cbf00000)
 Metaspace       used 16723K, capacity 17100K, committed 17280K, reserved 1064960K
  class space    used 1934K, capacity 2072K, committed 2176K, reserved 1048576K
Event: 2.659 GC heap after
Heap after GC invocations=1 (full 0):
 PSYoungGen      total 76288K, used 7796K [0x000000076b180000, 0x0000000774680000, 0x00000007c0000000)
  eden space 65536K, 0% used [0x000000076b180000,0x000000076b180000,0x000000076f180000)
  from space 10752K, 72% used [0x000000076f180000,0x000000076f91d130,0x000000076fc00000)
  to   space 10752K, 0% used [0x0000000773c00000,0x0000000773c00000,0x0000000774680000)
 ParOldGen       total 175104K, used 32K [0x00000006c1400000, 0x00000006cbf00000, 0x000000076b180000)
  object space 175104K, 0% used [0x00000006c1400000,0x00000006c1408000,0x00000006cbf00000)
 Metaspace       used 16723K, capacity 17100K, committed 17280K, reserved 1064960K
  class space    used 1934K, capacity 2072K, committed 2176K, reserved 1048576K
}

Deoptimization events (10 events):
Event: 2.077 Thread 0x0000000002d13800 Uncommon trap: reason=unstable_if action=reinterpret pc=0x0000000002fe5a5c method=java.lang.String.startsWith(Ljava/lang/String;I)Z @ 25
Event: 2.088 Thread 0x0000000002d13800 Uncommon trap: reason=unstable_if action=reinterpret pc=0x00000000032d4630 method=java.util.Arrays.equals([B[B)Z @ 12
Event: 2.279 Thread 0x0000000002d13800 Uncommon trap: reason=unstable_if action=reinterpret pc=0x000000000311d9f4 method=com.sun.org.apache.xerces.internal.impl.XMLEntityScanner.checkBeforeLoad(Lcom/sun/xml/internal/stream/Entity$ScannedEntity;II)I @ 18
Event: 2.286 Thread 0x0000000002d13800 Uncommon trap: reason=unstable_if action=reinterpret pc=0x00000000033a4ccc method=com.sun.org.apache.xerces.internal.impl.XMLEntityScanner.scanContent(Lcom/sun/org/apache/xerces/internal/xni/XMLString;)I @ 526
Event: 2.293 Thread 0x0000000002d13800 Uncommon trap: reason=unstable_if action=reinterpret pc=0x00000000033bde28 method=java.util.regex.Pattern$Ctype.isSatisfiedBy(I)Z @ 4
Event: 2.339 Thread 0x0000000002d13800 Uncommon trap: reason=unstable_if action=reinterpret pc=0x0000000003405c60 method=java.lang.AbstractStringBuilder.append(Ljava/lang/CharSequence;)Ljava/lang/AbstractStringBuilder; @ 13
Event: 2.551 Thread 0x0000000002d13800 Uncommon trap: reason=unstable_if action=reinterpret pc=0x000000000344b070 method=com.sun.org.apache.xerces.internal.impl.XMLEntityScanner.scanContent(Lcom/sun/org/apache/xerces/internal/xni/XMLString;)I @ 418
Event: 2.933 Thread 0x0000000002d13800 Uncommon trap: reason=unstable_if action=reinterpret pc=0x00000000033a26c8 method=com.sun.org.apache.xerces.internal.util.SymbolTable.addSymbol([CII)Ljava/lang/String; @ 64
Event: 2.941 Thread 0x0000000002d13800 Uncommon trap: reason=unstable_if action=reinterpret pc=0x000000000351568c method=com.sun.org.apache.xerces.internal.impl.xpath.regex.RangeToken.match(I)Z @ 4
Event: 2.949 Thread 0x0000000002d13800 Uncommon trap: reason=unstable_if action=reinterpret pc=0x000000000343d2c4 method=com.sun.org.apache.xerces.internal.impl.XMLEntityScanner.scanQName(Lcom/sun/org/apache/xerces/internal/xni/QName;Lcom/sun/org/apache/xerces/internal/impl/XMLScanner$NameType

Classes redefined (0 events):
No events

Internal exceptions (10 events):
Event: 1.498 Thread 0x0000000002d13800 Exception <a 'sun/nio/fs/WindowsException'> (0x000000076c5676d8) thrown at [C:\Users\jenkins\workspace\openjdk8_build_x86-64_windows\openjdk\hotspot\src\share\vm\prims\jni.cpp, line 709]
Event: 1.498 Thread 0x0000000002d13800 Exception <a 'sun/nio/fs/WindowsException'> (0x000000076c567da0) thrown at [C:\Users\jenkins\workspace\openjdk8_build_x86-64_windows\openjdk\hotspot\src\share\vm\prims\jni.cpp, line 709]
Event: 2.088 Thread 0x0000000002d13800 Implicit null exception at 0x00000000032d44d8 to 0x00000000032d461d
Event: 2.177 Thread 0x0000000002d13800 Exception <a 'java/lang/ClassNotFoundException': com/sun/org/glassfish/hk2/osgiresourcelocator/ServiceLoader> (0x000000076d506ea8) thrown at [C:\Users\jenkins\workspace\openjdk8_build_x86-64_windows\openjdk\hotspot\src\share\vm\classfile\systemDictionary.
Event: 2.263 Thread 0x0000000002d13800 Exception <a 'java/lang/ClassNotFoundException': com/sun/org/glassfish/hk2/osgiresourcelocator/ServiceLoader> (0x000000076d869370) thrown at [C:\Users\jenkins\workspace\openjdk8_build_x86-64_windows\openjdk\hotspot\src\share\vm\classfile\systemDictionary.
Event: 2.898 Thread 0x0000000002d13800 Exception <a 'java/lang/ClassNotFoundException': com/sun/org/glassfish/hk2/osgiresourcelocator/ServiceLoader> (0x000000076bdd53e0) thrown at [C:\Users\jenkins\workspace\openjdk8_build_x86-64_windows\openjdk\hotspot\src\share\vm\classfile\systemDictionary.
Event: 2.941 Thread 0x0000000002d13800 Implicit null exception at 0x00000000035155d0 to 0x0000000003515675
Event: 3.061 Thread 0x0000000002d13800 Exception <a 'sun/nio/fs/WindowsException'> (0x000000076cb72de0) thrown at [C:\Users\jenkins\workspace\openjdk8_build_x86-64_windows\openjdk\hotspot\src\share\vm\prims\jni.cpp, line 709]
Event: 3.061 Thread 0x0000000002d13800 Exception <a 'sun/nio/fs/WindowsException'> (0x000000076cb73298) thrown at [C:\Users\jenkins\workspace\openjdk8_build_x86-64_windows\openjdk\hotspot\src\share\vm\prims\jni.cpp, line 709]
Event: 3.234 Thread 0x0000000002d13800 Exception <a 'java/lang/ClassNotFoundException': com/sun/org/glassfish/hk2/osgiresourcelocator/ServiceLoader> (0x000000076d36d3a8) thrown at [C:\Users\jenkins\workspace\openjdk8_build_x86-64_windows\openjdk\hotspot\src\share\vm\classfile\systemDictionary.

Events (10 events):
Event: 3.313 loading class com/android/sdklib/tool/TableFormatter$Column
Event: 3.313 loading class com/android/sdklib/tool/TableFormatter$Column done
Event: 3.313 loading class com/android/sdklib/tool/TableFormatter
Event: 3.313 loading class com/android/sdklib/tool/TableFormatter done
Event: 3.314 loading class com/android/sdklib/tool/TableFormatter$Column
Event: 3.314 loading class com/android/sdklib/tool/TableFormatter$Column done
Event: 3.314 loading class com/android/repository/api/RemotePackage
Event: 3.314 loading class com/android/repository/api/RemotePackage done
Event: 3.315 loading class com/android/repository/api/RemotePackage
Event: 3.315 loading class com/android/repository/api/RemotePackage done


Dynamic libraries:
0x00007ff68ce10000 - 0x00007ff68ce45000 	D:\Unity\2019.2.7f2\Editor\Data\PlaybackEngines\AndroidPlayer\Tools\OpenJDK\Windows\bin\java.exe
0x00007ff9db200000 - 0x00007ff9db3f0000 	C:\Windows\SYSTEM32\ntdll.dll
0x00007ff9d9c00000 - 0x00007ff9d9cb2000 	C:\Windows\System32\KERNEL32.DLL
0x00007ff9d8a10000 - 0x00007ff9d8cb3000 	C:\Windows\System32\KERNELBASE.dll
0x00007ff9da620000 - 0x00007ff9da6c3000 	C:\Windows\System32\ADVAPI32.dll
0x00007ff9dafa0000 - 0x00007ff9db03e000 	C:\Windows\System32\msvcrt.dll
0x00007ff9da3c0000 - 0x00007ff9da457000 	C:\Windows\System32\sechost.dll
0x00007ff9d94b0000 - 0x00007ff9d95d0000 	C:\Windows\System32\RPCRT4.dll
0x00007ff9d9d60000 - 0x00007ff9d9ef4000 	C:\Windows\System32\USER32.dll
0x00007ff9d8190000 - 0x00007ff9d81b1000 	C:\Windows\System32\win32u.dll
0x00007ff9d9cc0000 - 0x00007ff9d9ce6000 	C:\Windows\System32\GDI32.dll
0x00007ff9d8cc0000 - 0x00007ff9d8e54000 	C:\Windows\System32\gdi32full.dll
0x00007ff9d9210000 - 0x00007ff9d92ae000 	C:\Windows\System32\msvcp_win.dll
0x00007ff9d8fd0000 - 0x00007ff9d90ca000 	C:\Windows\System32\ucrtbase.dll
0x00007ff9cb510000 - 0x00007ff9cb795000 	C:\Windows\WinSxS\amd64_microsoft.windows.common-controls_6595b64144ccf1df_6.0.18362.418_none_e6c6b287130d565d\COMCTL32.dll
0x00007ff9da080000 - 0x00007ff9da3b6000 	C:\Windows\System32\combase.dll
0x00007ff9d8990000 - 0x00007ff9d8a10000 	C:\Windows\System32\bcryptPrimitives.dll
0x00007ff9daf70000 - 0x00007ff9daf9e000 	C:\Windows\System32\IMM32.DLL
0x00000000527e0000 - 0x00000000528b2000 	D:\Unity\2019.2.7f2\Editor\Data\PlaybackEngines\AndroidPlayer\Tools\OpenJDK\Windows\jre\bin\msvcr100.dll
0x0000000051f90000 - 0x00000000527d9000 	D:\Unity\2019.2.7f2\Editor\Data\PlaybackEngines\AndroidPlayer\Tools\OpenJDK\Windows\jre\bin\server\jvm.dll
0x00007ff9da870000 - 0x00007ff9da878000 	C:\Windows\System32\PSAPI.DLL
0x00007ff9cf410000 - 0x00007ff9cf419000 	C:\Windows\SYSTEM32\WSOCK32.dll
0x00007ff9d5400000 - 0x00007ff9d5424000 	C:\Windows\SYSTEM32\WINMM.dll
0x00007ff9d3fd0000 - 0x00007ff9d3fda000 	C:\Windows\SYSTEM32\VERSION.dll
0x00007ff9d9cf0000 - 0x00007ff9d9d5f000 	C:\Windows\System32\WS2_32.dll
0x00007ff9d53d0000 - 0x00007ff9d53fd000 	C:\Windows\SYSTEM32\WINMMBASE.dll
0x00007ff9d81c0000 - 0x00007ff9d820a000 	C:\Windows\System32\cfgmgr32.dll
0x00007ff9cf1c0000 - 0x00007ff9cf1cf000 	D:\Unity\2019.2.7f2\Editor\Data\PlaybackEngines\AndroidPlayer\Tools\OpenJDK\Windows\jre\bin\verify.dll
0x00007ff9ca530000 - 0x00007ff9ca559000 	D:\Unity\2019.2.7f2\Editor\Data\PlaybackEngines\AndroidPlayer\Tools\OpenJDK\Windows\jre\bin\java.dll
0x00007ff9cec50000 - 0x00007ff9cec66000 	D:\Unity\2019.2.7f2\Editor\Data\PlaybackEngines\AndroidPlayer\Tools\OpenJDK\Windows\jre\bin\zip.dll
0x00007ff9da880000 - 0x00007ff9daf65000 	C:\Windows\System32\SHELL32.dll
0x00007ff9d9380000 - 0x00007ff9d9429000 	C:\Windows\System32\shcore.dll
0x00007ff9d8210000 - 0x00007ff9d898f000 	C:\Windows\System32\windows.storage.dll
0x00007ff9d8170000 - 0x00007ff9d818f000 	C:\Windows\System32\profapi.dll
0x00007ff9d8120000 - 0x00007ff9d816a000 	C:\Windows\System32\powrprof.dll
0x00007ff9d80d0000 - 0x00007ff9d80e0000 	C:\Windows\System32\UMPDC.dll
0x00007ff9d92b0000 - 0x00007ff9d9302000 	C:\Windows\System32\shlwapi.dll
0x00007ff9d8100000 - 0x00007ff9d8111000 	C:\Windows\System32\kernel.appcore.dll
0x00007ff9d8fb0000 - 0x00007ff9d8fc7000 	C:\Windows\System32\cryptsp.dll
0x00007ff9bdbe0000 - 0x00007ff9bdbfa000 	D:\Unity\2019.2.7f2\Editor\Data\PlaybackEngines\AndroidPlayer\Tools\OpenJDK\Windows\jre\bin\net.dll
0x00007ff9d78e0000 - 0x00007ff9d7947000 	C:\Windows\system32\mswsock.dll
0x00007ff9bdbc0000 - 0x00007ff9bdbd1000 	D:\Unity\2019.2.7f2\Editor\Data\PlaybackEngines\AndroidPlayer\Tools\OpenJDK\Windows\jre\bin\nio.dll
0x00007ff9bcf90000 - 0x00007ff9bcfb4000 	D:\Unity\2019.2.7f2\Editor\Data\PlaybackEngines\AndroidPlayer\Tools\OpenJDK\Windows\jre\bin\sunec.dll
0x00007ff9d7450000 - 0x00007ff9d7483000 	C:\Windows\system32\rsaenh.dll
0x00007ff9d9130000 - 0x00007ff9d9156000 	C:\Windows\System32\bcrypt.dll
0x00007ff9d7ff0000 - 0x00007ff9d8015000 	C:\Windows\SYSTEM32\USERENV.dll
0x00007ff9d7ab0000 - 0x00007ff9d7abc000 	C:\Windows\SYSTEM32\CRYPTBASE.dll
0x00007ff9d75f0000 - 0x00007ff9d762a000 	C:\Windows\SYSTEM32\IPHLPAPI.DLL
0x00007ff9d95d0000 - 0x00007ff9d95d8000 	C:\Windows\System32\NSI.dll
0x00007ff9d34c0000 - 0x00007ff9d34d6000 	C:\Windows\SYSTEM32\dhcpcsvc6.DLL
0x00007ff9d3040000 - 0x00007ff9d305c000 	C:\Windows\SYSTEM32\dhcpcsvc.DLL
0x00007ff9d7630000 - 0x00007ff9d76fa000 	C:\Windows\SYSTEM32\DNSAPI.dll
0x00007ff9c73c0000 - 0x00007ff9c73cb000 	D:\Unity\2019.2.7f2\Editor\Data\PlaybackEngines\AndroidPlayer\Tools\OpenJDK\Windows\jre\bin\sunmscapi.dll
0x00007ff9d8e60000 - 0x00007ff9d8fa9000 	C:\Windows\System32\CRYPT32.dll
0x00007ff9d80e0000 - 0x00007ff9d80f2000 	C:\Windows\System32\MSASN1.dll
0x00007ff9d1ac0000 - 0x00007ff9d1aca000 	C:\Windows\System32\rasadhlp.dll
0x00007ff9d2180000 - 0x00007ff9d21f7000 	C:\Windows\System32\fwpuclnt.dll

VM Arguments:
jvm_args: -Dcom.android.sdklib.toolsdir=D:\Unity\2019.2.7f2\Editor\Data\PlaybackEngines\AndroidPlayer\SDK\tools\bin\\.. 
java_command: com.android.sdklib.tool.sdkmanager.SdkManagerCli --list
java_class_path (initial): D:\Unity\2019.2.7f2\Editor\Data\PlaybackEngines\AndroidPlayer\SDK\tools\bin\..\lib\dvlib-26.0.0-dev.jar;D:\Unity\2019.2.7f2\Editor\Data\PlaybackEngines\AndroidPlayer\SDK\tools\bin\..\lib\jimfs-1.1.jar;D:\Unity\2019.2.7f2\Editor\Data\PlaybackEngines\AndroidPlayer\SDK\tools\bin\..\lib\jsr305-1.3.9.jar;D:\Unity\2019.2.7f2\Editor\Data\PlaybackEngines\AndroidPlayer\SDK\tools\bin\..\lib\repository-26.0.0-dev.jar;D:\Unity\2019.2.7f2\Editor\Data\PlaybackEngines\AndroidPlayer\SDK\tools\bin\..\lib\j2objc-annotations-1.1.jar;D:\Unity\2019.2.7f2\Editor\Data\PlaybackEngines\AndroidPlayer\SDK\tools\bin\..\lib\layoutlib-api-26.0.0-dev.jar;D:\Unity\2019.2.7f2\Editor\Data\PlaybackEngines\AndroidPlayer\SDK\tools\bin\..\lib\gson-2.3.jar;D:\Unity\2019.2.7f2\Editor\Data\PlaybackEngines\AndroidPlayer\SDK\tools\bin\..\lib\httpcore-4.2.5.jar;D:\Unity\2019.2.7f2\Editor\Data\PlaybackEngines\AndroidPlayer\SDK\tools\bin\..\lib\commons-logging-1.1.1.jar;D:\Unity\2019.2.7f2\Editor\Data\PlaybackEngines\AndroidPlayer\SDK\tools\bin\..\lib\commons-compress-1.12.jar;D:\Unity\2019.2.7f2\Editor\Data\PlaybackEngines\AndroidPlayer\SDK\tools\bin\..\lib\annotations-26.0.0-dev.jar;D:\Unity\2019.2.7f2\Editor\Data\PlaybackEngines\AndroidPlayer\SDK\tools\bin\..\lib\error_prone_annotations-2.0.18.jar;D:\Unity\2019.2.7f2\Editor\Data\PlaybackEngines\AndroidPlayer\SDK\tools\bin\..\lib\animal-sniffer-annotations-1.14.jar;D:\Unity\2019.2.7f2\Editor\Data\PlaybackEngines\AndroidPlayer\SDK\tools\bin\..\lib\httpclient-4.2.6.jar;D:\Unity\2019.2.7f2\Editor\Data\PlaybackEngines\AndroidPlayer\SDK\tools\bin\..\lib\commons-codec-1.6.jar;D:\Unity\2019.2.7f2\Editor\Data\PlaybackEngines\AndroidPlayer\SDK\tools\bin\..\lib\common-26.0.0-dev.jar;D:\Unity\2019.2.7f2\Editor\Data\PlaybackEngines\AndroidPlayer\SDK\tools\bin\..\lib\kxml2-2.3.0.jar;D:\Unity\2019.2.7f2\Editor\Data\PlaybackEngines\AndroidPlayer\SDK\tools\bin\..\lib\httpmime-4.1.jar;D:\Unity\2019.2.7f2\Editor\Data\PlaybackEngines\AndroidPlayer\S
Launcher Type: SUN_STANDARD

Environment Variables:
JAVA_HOME=D:/Unity/2019.2.7f2/Editor/Data/PlaybackEngines/AndroidPlayer/Tools\OpenJDK\Windows
PATH=C:\Program Files (x86)\Common Files\Oracle\Java\javapath;C:\Windows\system32;C:\Windows;C:\Windows\System32\Wbem;C:\Windows\System32\WindowsPowerShell\v1.0\;C:\Windows\System32\OpenSSH\;C:\Program Files\dotnet\;C:\Users\admin\AppData\Local\Microsoft\WindowsApps;;C:\Program Files\JetBrains\JetBrains Rider 2019.2.2\bin;
USERNAME=admin
OS=Windows_NT
PROCESSOR_IDENTIFIER=Intel64 Family 6 Model 158 Stepping 10, GenuineIntel



---------------  S Y S T E M  ---------------

OS: Windows 10.0 , 64 bit Build 18362 (10.0.18362.329)

CPU:total 6 (initial active 6) (6 cores per cpu, 1 threads per core) family 6 model 158 stepping 10, cmov, cx8, fxsr, mmx, sse, sse2, sse3, ssse3, sse4.1, sse4.2, popcnt, avx, avx2, aes, clmul, erms, 3dnowpref, lzcnt, tsc, tscinvbit, bmi1, bmi2, adx

Memory: 4k page, physical 16695044k(3707780k free), swap 45969408k(5144k free)

vm_info: OpenJDK 64-Bit Server VM (25.71-b00) for windows-amd64 JRE (1.8.0-adoptopenjdk-_2018_05_19_00_59-b00), built on May 19 2018 01:02:12 by "jenkins" with MS VC++ 10.0 (VS2010)

time: Fri Oct 18 12:20:54 2019
elapsed time: 3 seconds (0d 0h 0m 3s)

